<testsuites id="" name="" tests="249" failures="0" skipped="249" errors="0" time="0.42071300000000006">
<testsuite name="ss-01-sql-injection.spec.ts" timestamp="2025-07-29T11:59:10.536Z" hostname="chromium" tests="11" failures="0" skipped="11" time="0" errors="0">
<testcase name="SS-01: SQL Injection Prevention › Login Form SQL Injection › should prevent SQL injection in login forms" classname="ss-01-sql-injection.spec.ts" time="0">
<skipped>
</skipped>
</testcase>
<testcase name="SS-01: SQL Injection Prevention › Login Form SQL Injection › should prevent time-based blind SQL injection" classname="ss-01-sql-injection.spec.ts" time="0">
<skipped>
</skipped>
</testcase>
<testcase name="SS-01: SQL Injection Prevention › Search Functionality SQL Injection › should prevent SQL injection in search queries" classname="ss-01-sql-injection.spec.ts" time="0">
<skipped>
</skipped>
</testcase>
<testcase name="SS-01: SQL Injection Prevention › API Parameter SQL Injection › should prevent SQL injection in API query parameters" classname="ss-01-sql-injection.spec.ts" time="0">
<skipped>
</skipped>
</testcase>
<testcase name="SS-01: SQL Injection Prevention › API Parameter SQL Injection › should prevent SQL injection in API path parameters" classname="ss-01-sql-injection.spec.ts" time="0">
<skipped>
</skipped>
</testcase>
<testcase name="SS-01: SQL Injection Prevention › Header-based SQL Injection › should prevent SQL injection through headers" classname="ss-01-sql-injection.spec.ts" time="0">
<skipped>
</skipped>
</testcase>
<testcase name="SS-01: SQL Injection Prevention › Cookie-based SQL Injection › should prevent SQL injection through cookies" classname="ss-01-sql-injection.spec.ts" time="0">
<skipped>
</skipped>
</testcase>
<testcase name="SS-01: SQL Injection Prevention › JSON Body SQL Injection › should prevent SQL injection in JSON request bodies" classname="ss-01-sql-injection.spec.ts" time="0">
<skipped>
</skipped>
</testcase>
<testcase name="SS-01: SQL Injection Prevention › JSON Body SQL Injection › should prevent second-order SQL injection" classname="ss-01-sql-injection.spec.ts" time="0">
<skipped>
</skipped>
</testcase>
<testcase name="SS-01: SQL Injection Prevention › Vulnerability Scanning › should pass comprehensive SQL injection vulnerability scan" classname="ss-01-sql-injection.spec.ts" time="0">
<skipped>
</skipped>
</testcase>
<testcase name="SS-01: SQL Injection Prevention › Parameterized Query Validation › should use parameterized queries for all database operations" classname="ss-01-sql-injection.spec.ts" time="0">
<skipped>
</skipped>
</testcase>
</testsuite>
<testsuite name="ss-02-xss-protection.spec.ts" timestamp="2025-07-29T11:59:10.536Z" hostname="chromium" tests="12" failures="0" skipped="12" time="0" errors="0">
<testcase name="SS-02: XSS Protection › Reflected XSS Prevention › should prevent reflected XSS in search functionality" classname="ss-02-xss-protection.spec.ts" time="0">
<skipped>
</skipped>
</testcase>
<testcase name="SS-02: XSS Protection › Reflected XSS Prevention › should prevent reflected XSS in URL parameters" classname="ss-02-xss-protection.spec.ts" time="0">
<skipped>
</skipped>
</testcase>
<testcase name="SS-02: XSS Protection › Stored XSS Prevention › should prevent stored XSS in prompt content" classname="ss-02-xss-protection.spec.ts" time="0">
<skipped>
</skipped>
</testcase>
<testcase name="SS-02: XSS Protection › Stored XSS Prevention › should prevent stored XSS in user profile fields" classname="ss-02-xss-protection.spec.ts" time="0">
<skipped>
</skipped>
</testcase>
<testcase name="SS-02: XSS Protection › DOM-based XSS Prevention › should prevent DOM XSS through hash fragments" classname="ss-02-xss-protection.spec.ts" time="0">
<skipped>
</skipped>
</testcase>
<testcase name="SS-02: XSS Protection › DOM-based XSS Prevention › should prevent DOM XSS through client-side templates" classname="ss-02-xss-protection.spec.ts" time="0">
<skipped>
</skipped>
</testcase>
<testcase name="SS-02: XSS Protection › Content Security Policy › should have proper CSP headers" classname="ss-02-xss-protection.spec.ts" time="0">
<skipped>
</skipped>
</testcase>
<testcase name="SS-02: XSS Protection › Content Security Policy › should prevent inline script execution without nonce" classname="ss-02-xss-protection.spec.ts" time="0">
<skipped>
</skipped>
</testcase>
<testcase name="SS-02: XSS Protection › SVG XSS Prevention › should prevent XSS through SVG uploads" classname="ss-02-xss-protection.spec.ts" time="0">
<skipped>
</skipped>
</testcase>
<testcase name="SS-02: XSS Protection › JSON Response XSS Prevention › should prevent XSS in JSON responses" classname="ss-02-xss-protection.spec.ts" time="0">
<skipped>
</skipped>
</testcase>
<testcase name="SS-02: XSS Protection › Output Encoding Validation › should properly encode output in different contexts" classname="ss-02-xss-protection.spec.ts" time="0">
<skipped>
</skipped>
</testcase>
<testcase name="SS-02: XSS Protection › Comprehensive XSS Scan › should pass comprehensive XSS vulnerability scan" classname="ss-02-xss-protection.spec.ts" time="0">
<skipped>
</skipped>
</testcase>
</testsuite>
<testsuite name="ss-03-authentication.spec.ts" timestamp="2025-07-29T11:59:10.536Z" hostname="chromium" tests="16" failures="0" skipped="16" time="0" errors="0">
<testcase name="SS-03: Authentication Security › Password Complexity Requirements › should enforce minimum password length" classname="ss-03-authentication.spec.ts" time="0">
<skipped>
</skipped>
</testcase>
<testcase name="SS-03: Authentication Security › Password Complexity Requirements › should require mixed case, numbers, and special characters" classname="ss-03-authentication.spec.ts" time="0">
<skipped>
</skipped>
</testcase>
<testcase name="SS-03: Authentication Security › Password Complexity Requirements › should reject commonly used passwords" classname="ss-03-authentication.spec.ts" time="0">
<skipped>
</skipped>
</testcase>
<testcase name="SS-03: Authentication Security › Account Lockout Mechanism › should lock account after multiple failed login attempts" classname="ss-03-authentication.spec.ts" time="0">
<skipped>
</skipped>
</testcase>
<testcase name="SS-03: Authentication Security › Account Lockout Mechanism › should reset failed attempts on successful login" classname="ss-03-authentication.spec.ts" time="0">
<skipped>
</skipped>
</testcase>
<testcase name="SS-03: Authentication Security › Password Reset Security › should generate secure, unpredictable reset tokens" classname="ss-03-authentication.spec.ts" time="0">
<skipped>
</skipped>
</testcase>
<testcase name="SS-03: Authentication Security › Password Reset Security › should expire reset tokens after a reasonable time" classname="ss-03-authentication.spec.ts" time="0">
<skipped>
</skipped>
</testcase>
<testcase name="SS-03: Authentication Security › Password Reset Security › should invalidate tokens after single use" classname="ss-03-authentication.spec.ts" time="0">
<skipped>
</skipped>
</testcase>
<testcase name="SS-03: Authentication Security › Multi-Factor Authentication › should support MFA setup and verification" classname="ss-03-authentication.spec.ts" time="0">
<skipped>
</skipped>
</testcase>
<testcase name="SS-03: Authentication Security › Timing Attack Prevention › should have consistent response times for valid/invalid users" classname="ss-03-authentication.spec.ts" time="0">
<skipped>
</skipped>
</testcase>
<testcase name="SS-03: Authentication Security › Session Security › should invalidate sessions on password change" classname="ss-03-authentication.spec.ts" time="0">
<skipped>
</skipped>
</testcase>
<testcase name="SS-03: Authentication Security › Session Security › should prevent concurrent session hijacking" classname="ss-03-authentication.spec.ts" time="0">
<skipped>
</skipped>
</testcase>
<testcase name="SS-03: Authentication Security › Authentication Token Security › should use secure JWT configuration" classname="ss-03-authentication.spec.ts" time="0">
<skipped>
</skipped>
</testcase>
<testcase name="SS-03: Authentication Security › Authentication Token Security › should validate token signature" classname="ss-03-authentication.spec.ts" time="0">
<skipped>
</skipped>
</testcase>
<testcase name="SS-03: Authentication Security › Brute Force Protection › should rate limit login attempts" classname="ss-03-authentication.spec.ts" time="0">
<skipped>
</skipped>
</testcase>
<testcase name="SS-03: Authentication Security › Password Storage Security › should never expose password hashes" classname="ss-03-authentication.spec.ts" time="0">
<skipped>
</skipped>
</testcase>
</testsuite>
<testsuite name="ss-04-session-management.spec.ts" timestamp="2025-07-29T11:59:10.536Z" hostname="chromium" tests="15" failures="0" skipped="15" time="0" errors="0">
<testcase name="SS-04: Session Management › Session Token Randomness › should generate cryptographically secure session tokens" classname="ss-04-session-management.spec.ts" time="0">
<skipped>
</skipped>
</testcase>
<testcase name="SS-04: Session Management › Session Token Randomness › should not use predictable session identifiers" classname="ss-04-session-management.spec.ts" time="0">
<skipped>
</skipped>
</testcase>
<testcase name="SS-04: Session Management › Session Expiration › should expire sessions after inactivity" classname="ss-04-session-management.spec.ts" time="0">
<skipped>
</skipped>
</testcase>
<testcase name="SS-04: Session Management › Session Expiration › should properly handle session timeout warnings" classname="ss-04-session-management.spec.ts" time="0">
<skipped>
</skipped>
</testcase>
<testcase name="SS-04: Session Management › Logout Functionality › should properly invalidate sessions on logout" classname="ss-04-session-management.spec.ts" time="0">
<skipped>
</skipped>
</testcase>
<testcase name="SS-04: Session Management › Logout Functionality › should clear all session data on logout" classname="ss-04-session-management.spec.ts" time="0">
<skipped>
</skipped>
</testcase>
<testcase name="SS-04: Session Management › Concurrent Sessions › should handle concurrent sessions securely" classname="ss-04-session-management.spec.ts" time="0">
<skipped>
</skipped>
</testcase>
<testcase name="SS-04: Session Management › CSRF Protection › should include CSRF tokens in state-changing requests" classname="ss-04-session-management.spec.ts" time="0">
<skipped>
</skipped>
</testcase>
<testcase name="SS-04: Session Management › CSRF Protection › should reject cross-origin requests without proper CSRF token" classname="ss-04-session-management.spec.ts" time="0">
<skipped>
</skipped>
</testcase>
<testcase name="SS-04: Session Management › CSRF Protection › should validate referer header for state-changing requests" classname="ss-04-session-management.spec.ts" time="0">
<skipped>
</skipped>
</testcase>
<testcase name="SS-04: Session Management › Session Fixation Prevention › should regenerate session ID on login" classname="ss-04-session-management.spec.ts" time="0">
<skipped>
</skipped>
</testcase>
<testcase name="SS-04: Session Management › Session Fixation Prevention › should not accept externally provided session IDs" classname="ss-04-session-management.spec.ts" time="0">
<skipped>
</skipped>
</testcase>
<testcase name="SS-04: Session Management › Session Storage Security › should use secure cookie attributes" classname="ss-04-session-management.spec.ts" time="0">
<skipped>
</skipped>
</testcase>
<testcase name="SS-04: Session Management › Session Storage Security › should not store sensitive data in localStorage" classname="ss-04-session-management.spec.ts" time="0">
<skipped>
</skipped>
</testcase>
<testcase name="SS-04: Session Management › Session Hijacking Prevention › should detect and prevent session hijacking attempts" classname="ss-04-session-management.spec.ts" time="0">
<skipped>
</skipped>
</testcase>
</testsuite>
<testsuite name="ss-05-encryption.spec.ts" timestamp="2025-07-29T11:59:10.536Z" hostname="chromium" tests="16" failures="0" skipped="16" time="0" errors="0">
<testcase name="SS-05: Data Encryption › HTTPS Enforcement › should redirect HTTP to HTTPS in production" classname="ss-05-encryption.spec.ts" time="0">
<skipped>
</skipped>
</testcase>
<testcase name="SS-05: Data Encryption › HTTPS Enforcement › should include HSTS header with proper configuration" classname="ss-05-encryption.spec.ts" time="0">
<skipped>
</skipped>
</testcase>
<testcase name="SS-05: Data Encryption › TLS Configuration › should use strong TLS version" classname="ss-05-encryption.spec.ts" time="0">
<skipped>
</skipped>
</testcase>
<testcase name="SS-05: Data Encryption › TLS Configuration › should not expose server version information" classname="ss-05-encryption.spec.ts" time="0">
<skipped>
</skipped>
</testcase>
<testcase name="SS-05: Data Encryption › Secure Cookie Configuration › should set secure cookie attributes" classname="ss-05-encryption.spec.ts" time="0">
<skipped>
</skipped>
</testcase>
<testcase name="SS-05: Data Encryption › Secure Cookie Configuration › should not transmit cookies over unencrypted connections" classname="ss-05-encryption.spec.ts" time="0">
<skipped>
</skipped>
</testcase>
<testcase name="SS-05: Data Encryption › Data at Rest Encryption › should not expose sensitive data in API responses" classname="ss-05-encryption.spec.ts" time="0">
<skipped>
</skipped>
</testcase>
<testcase name="SS-05: Data Encryption › Data at Rest Encryption › should encrypt sensitive user data" classname="ss-05-encryption.spec.ts" time="0">
<skipped>
</skipped>
</testcase>
<testcase name="SS-05: Data Encryption › API Communication Security › should use secure headers for API requests" classname="ss-05-encryption.spec.ts" time="0">
<skipped>
</skipped>
</testcase>
<testcase name="SS-05: Data Encryption › API Communication Security › should not cache sensitive responses" classname="ss-05-encryption.spec.ts" time="0">
<skipped>
</skipped>
</testcase>
<testcase name="SS-05: Data Encryption › Password Storage Security › should use strong password hashing" classname="ss-05-encryption.spec.ts" time="0">
<skipped>
</skipped>
</testcase>
<testcase name="SS-05: Data Encryption › Password Storage Security › should not allow password reuse" classname="ss-05-encryption.spec.ts" time="0">
<skipped>
</skipped>
</testcase>
<testcase name="SS-05: Data Encryption › Sensitive Data Transmission › should not include sensitive data in URLs" classname="ss-05-encryption.spec.ts" time="0">
<skipped>
</skipped>
</testcase>
<testcase name="SS-05: Data Encryption › Sensitive Data Transmission › should use POST for sensitive operations" classname="ss-05-encryption.spec.ts" time="0">
<skipped>
</skipped>
</testcase>
<testcase name="SS-05: Data Encryption › Cryptographic Security › should use secure random number generation" classname="ss-05-encryption.spec.ts" time="0">
<skipped>
</skipped>
</testcase>
<testcase name="SS-05: Data Encryption › Comprehensive Encryption Scan › should pass comprehensive encryption vulnerability scan" classname="ss-05-encryption.spec.ts" time="0">
<skipped>
</skipped>
</testcase>
</testsuite>
<testsuite name="ss-01-sql-injection.spec.ts" timestamp="2025-07-29T11:59:10.536Z" hostname="firefox" tests="11" failures="0" skipped="11" time="0" errors="0">
<testcase name="SS-01: SQL Injection Prevention › Login Form SQL Injection › should prevent SQL injection in login forms" classname="ss-01-sql-injection.spec.ts" time="0">
<skipped>
</skipped>
</testcase>
<testcase name="SS-01: SQL Injection Prevention › Login Form SQL Injection › should prevent time-based blind SQL injection" classname="ss-01-sql-injection.spec.ts" time="0">
<skipped>
</skipped>
</testcase>
<testcase name="SS-01: SQL Injection Prevention › Search Functionality SQL Injection › should prevent SQL injection in search queries" classname="ss-01-sql-injection.spec.ts" time="0">
<skipped>
</skipped>
</testcase>
<testcase name="SS-01: SQL Injection Prevention › API Parameter SQL Injection › should prevent SQL injection in API query parameters" classname="ss-01-sql-injection.spec.ts" time="0">
<skipped>
</skipped>
</testcase>
<testcase name="SS-01: SQL Injection Prevention › API Parameter SQL Injection › should prevent SQL injection in API path parameters" classname="ss-01-sql-injection.spec.ts" time="0">
<skipped>
</skipped>
</testcase>
<testcase name="SS-01: SQL Injection Prevention › Header-based SQL Injection › should prevent SQL injection through headers" classname="ss-01-sql-injection.spec.ts" time="0">
<skipped>
</skipped>
</testcase>
<testcase name="SS-01: SQL Injection Prevention › Cookie-based SQL Injection › should prevent SQL injection through cookies" classname="ss-01-sql-injection.spec.ts" time="0">
<skipped>
</skipped>
</testcase>
<testcase name="SS-01: SQL Injection Prevention › JSON Body SQL Injection › should prevent SQL injection in JSON request bodies" classname="ss-01-sql-injection.spec.ts" time="0">
<skipped>
</skipped>
</testcase>
<testcase name="SS-01: SQL Injection Prevention › JSON Body SQL Injection › should prevent second-order SQL injection" classname="ss-01-sql-injection.spec.ts" time="0">
<skipped>
</skipped>
</testcase>
<testcase name="SS-01: SQL Injection Prevention › Vulnerability Scanning › should pass comprehensive SQL injection vulnerability scan" classname="ss-01-sql-injection.spec.ts" time="0">
<skipped>
</skipped>
</testcase>
<testcase name="SS-01: SQL Injection Prevention › Parameterized Query Validation › should use parameterized queries for all database operations" classname="ss-01-sql-injection.spec.ts" time="0">
<skipped>
</skipped>
</testcase>
</testsuite>
<testsuite name="ss-02-xss-protection.spec.ts" timestamp="2025-07-29T11:59:10.536Z" hostname="firefox" tests="12" failures="0" skipped="12" time="0" errors="0">
<testcase name="SS-02: XSS Protection › Reflected XSS Prevention › should prevent reflected XSS in search functionality" classname="ss-02-xss-protection.spec.ts" time="0">
<skipped>
</skipped>
</testcase>
<testcase name="SS-02: XSS Protection › Reflected XSS Prevention › should prevent reflected XSS in URL parameters" classname="ss-02-xss-protection.spec.ts" time="0">
<skipped>
</skipped>
</testcase>
<testcase name="SS-02: XSS Protection › Stored XSS Prevention › should prevent stored XSS in prompt content" classname="ss-02-xss-protection.spec.ts" time="0">
<skipped>
</skipped>
</testcase>
<testcase name="SS-02: XSS Protection › Stored XSS Prevention › should prevent stored XSS in user profile fields" classname="ss-02-xss-protection.spec.ts" time="0">
<skipped>
</skipped>
</testcase>
<testcase name="SS-02: XSS Protection › DOM-based XSS Prevention › should prevent DOM XSS through hash fragments" classname="ss-02-xss-protection.spec.ts" time="0">
<skipped>
</skipped>
</testcase>
<testcase name="SS-02: XSS Protection › DOM-based XSS Prevention › should prevent DOM XSS through client-side templates" classname="ss-02-xss-protection.spec.ts" time="0">
<skipped>
</skipped>
</testcase>
<testcase name="SS-02: XSS Protection › Content Security Policy › should have proper CSP headers" classname="ss-02-xss-protection.spec.ts" time="0">
<skipped>
</skipped>
</testcase>
<testcase name="SS-02: XSS Protection › Content Security Policy › should prevent inline script execution without nonce" classname="ss-02-xss-protection.spec.ts" time="0">
<skipped>
</skipped>
</testcase>
<testcase name="SS-02: XSS Protection › SVG XSS Prevention › should prevent XSS through SVG uploads" classname="ss-02-xss-protection.spec.ts" time="0">
<skipped>
</skipped>
</testcase>
<testcase name="SS-02: XSS Protection › JSON Response XSS Prevention › should prevent XSS in JSON responses" classname="ss-02-xss-protection.spec.ts" time="0">
<skipped>
</skipped>
</testcase>
<testcase name="SS-02: XSS Protection › Output Encoding Validation › should properly encode output in different contexts" classname="ss-02-xss-protection.spec.ts" time="0">
<skipped>
</skipped>
</testcase>
<testcase name="SS-02: XSS Protection › Comprehensive XSS Scan › should pass comprehensive XSS vulnerability scan" classname="ss-02-xss-protection.spec.ts" time="0">
<skipped>
</skipped>
</testcase>
</testsuite>
<testsuite name="ss-03-authentication.spec.ts" timestamp="2025-07-29T11:59:10.536Z" hostname="firefox" tests="16" failures="0" skipped="16" time="0" errors="0">
<testcase name="SS-03: Authentication Security › Password Complexity Requirements › should enforce minimum password length" classname="ss-03-authentication.spec.ts" time="0">
<skipped>
</skipped>
</testcase>
<testcase name="SS-03: Authentication Security › Password Complexity Requirements › should require mixed case, numbers, and special characters" classname="ss-03-authentication.spec.ts" time="0">
<skipped>
</skipped>
</testcase>
<testcase name="SS-03: Authentication Security › Password Complexity Requirements › should reject commonly used passwords" classname="ss-03-authentication.spec.ts" time="0">
<skipped>
</skipped>
</testcase>
<testcase name="SS-03: Authentication Security › Account Lockout Mechanism › should lock account after multiple failed login attempts" classname="ss-03-authentication.spec.ts" time="0">
<skipped>
</skipped>
</testcase>
<testcase name="SS-03: Authentication Security › Account Lockout Mechanism › should reset failed attempts on successful login" classname="ss-03-authentication.spec.ts" time="0">
<skipped>
</skipped>
</testcase>
<testcase name="SS-03: Authentication Security › Password Reset Security › should generate secure, unpredictable reset tokens" classname="ss-03-authentication.spec.ts" time="0">
<skipped>
</skipped>
</testcase>
<testcase name="SS-03: Authentication Security › Password Reset Security › should expire reset tokens after a reasonable time" classname="ss-03-authentication.spec.ts" time="0">
<skipped>
</skipped>
</testcase>
<testcase name="SS-03: Authentication Security › Password Reset Security › should invalidate tokens after single use" classname="ss-03-authentication.spec.ts" time="0">
<skipped>
</skipped>
</testcase>
<testcase name="SS-03: Authentication Security › Multi-Factor Authentication › should support MFA setup and verification" classname="ss-03-authentication.spec.ts" time="0">
<skipped>
</skipped>
</testcase>
<testcase name="SS-03: Authentication Security › Timing Attack Prevention › should have consistent response times for valid/invalid users" classname="ss-03-authentication.spec.ts" time="0">
<skipped>
</skipped>
</testcase>
<testcase name="SS-03: Authentication Security › Session Security › should invalidate sessions on password change" classname="ss-03-authentication.spec.ts" time="0">
<skipped>
</skipped>
</testcase>
<testcase name="SS-03: Authentication Security › Session Security › should prevent concurrent session hijacking" classname="ss-03-authentication.spec.ts" time="0">
<skipped>
</skipped>
</testcase>
<testcase name="SS-03: Authentication Security › Authentication Token Security › should use secure JWT configuration" classname="ss-03-authentication.spec.ts" time="0">
<skipped>
</skipped>
</testcase>
<testcase name="SS-03: Authentication Security › Authentication Token Security › should validate token signature" classname="ss-03-authentication.spec.ts" time="0">
<skipped>
</skipped>
</testcase>
<testcase name="SS-03: Authentication Security › Brute Force Protection › should rate limit login attempts" classname="ss-03-authentication.spec.ts" time="0">
<skipped>
</skipped>
</testcase>
<testcase name="SS-03: Authentication Security › Password Storage Security › should never expose password hashes" classname="ss-03-authentication.spec.ts" time="0">
<skipped>
</skipped>
</testcase>
</testsuite>
<testsuite name="ss-04-session-management.spec.ts" timestamp="2025-07-29T11:59:10.536Z" hostname="firefox" tests="15" failures="0" skipped="15" time="0" errors="0">
<testcase name="SS-04: Session Management › Session Token Randomness › should generate cryptographically secure session tokens" classname="ss-04-session-management.spec.ts" time="0">
<skipped>
</skipped>
</testcase>
<testcase name="SS-04: Session Management › Session Token Randomness › should not use predictable session identifiers" classname="ss-04-session-management.spec.ts" time="0">
<skipped>
</skipped>
</testcase>
<testcase name="SS-04: Session Management › Session Expiration › should expire sessions after inactivity" classname="ss-04-session-management.spec.ts" time="0">
<skipped>
</skipped>
</testcase>
<testcase name="SS-04: Session Management › Session Expiration › should properly handle session timeout warnings" classname="ss-04-session-management.spec.ts" time="0">
<skipped>
</skipped>
</testcase>
<testcase name="SS-04: Session Management › Logout Functionality › should properly invalidate sessions on logout" classname="ss-04-session-management.spec.ts" time="0">
<skipped>
</skipped>
</testcase>
<testcase name="SS-04: Session Management › Logout Functionality › should clear all session data on logout" classname="ss-04-session-management.spec.ts" time="0">
<skipped>
</skipped>
</testcase>
<testcase name="SS-04: Session Management › Concurrent Sessions › should handle concurrent sessions securely" classname="ss-04-session-management.spec.ts" time="0">
<skipped>
</skipped>
</testcase>
<testcase name="SS-04: Session Management › CSRF Protection › should include CSRF tokens in state-changing requests" classname="ss-04-session-management.spec.ts" time="0">
<skipped>
</skipped>
</testcase>
<testcase name="SS-04: Session Management › CSRF Protection › should reject cross-origin requests without proper CSRF token" classname="ss-04-session-management.spec.ts" time="0">
<skipped>
</skipped>
</testcase>
<testcase name="SS-04: Session Management › CSRF Protection › should validate referer header for state-changing requests" classname="ss-04-session-management.spec.ts" time="0">
<skipped>
</skipped>
</testcase>
<testcase name="SS-04: Session Management › Session Fixation Prevention › should regenerate session ID on login" classname="ss-04-session-management.spec.ts" time="0">
<skipped>
</skipped>
</testcase>
<testcase name="SS-04: Session Management › Session Fixation Prevention › should not accept externally provided session IDs" classname="ss-04-session-management.spec.ts" time="0">
<skipped>
</skipped>
</testcase>
<testcase name="SS-04: Session Management › Session Storage Security › should use secure cookie attributes" classname="ss-04-session-management.spec.ts" time="0">
<skipped>
</skipped>
</testcase>
<testcase name="SS-04: Session Management › Session Storage Security › should not store sensitive data in localStorage" classname="ss-04-session-management.spec.ts" time="0">
<skipped>
</skipped>
</testcase>
<testcase name="SS-04: Session Management › Session Hijacking Prevention › should detect and prevent session hijacking attempts" classname="ss-04-session-management.spec.ts" time="0">
<skipped>
</skipped>
</testcase>
</testsuite>
<testsuite name="ss-05-encryption.spec.ts" timestamp="2025-07-29T11:59:10.536Z" hostname="firefox" tests="16" failures="0" skipped="16" time="0" errors="0">
<testcase name="SS-05: Data Encryption › HTTPS Enforcement › should redirect HTTP to HTTPS in production" classname="ss-05-encryption.spec.ts" time="0">
<skipped>
</skipped>
</testcase>
<testcase name="SS-05: Data Encryption › HTTPS Enforcement › should include HSTS header with proper configuration" classname="ss-05-encryption.spec.ts" time="0">
<skipped>
</skipped>
</testcase>
<testcase name="SS-05: Data Encryption › TLS Configuration › should use strong TLS version" classname="ss-05-encryption.spec.ts" time="0">
<skipped>
</skipped>
</testcase>
<testcase name="SS-05: Data Encryption › TLS Configuration › should not expose server version information" classname="ss-05-encryption.spec.ts" time="0">
<skipped>
</skipped>
</testcase>
<testcase name="SS-05: Data Encryption › Secure Cookie Configuration › should set secure cookie attributes" classname="ss-05-encryption.spec.ts" time="0">
<skipped>
</skipped>
</testcase>
<testcase name="SS-05: Data Encryption › Secure Cookie Configuration › should not transmit cookies over unencrypted connections" classname="ss-05-encryption.spec.ts" time="0">
<skipped>
</skipped>
</testcase>
<testcase name="SS-05: Data Encryption › Data at Rest Encryption › should not expose sensitive data in API responses" classname="ss-05-encryption.spec.ts" time="0">
<skipped>
</skipped>
</testcase>
<testcase name="SS-05: Data Encryption › Data at Rest Encryption › should encrypt sensitive user data" classname="ss-05-encryption.spec.ts" time="0">
<skipped>
</skipped>
</testcase>
<testcase name="SS-05: Data Encryption › API Communication Security › should use secure headers for API requests" classname="ss-05-encryption.spec.ts" time="0">
<skipped>
</skipped>
</testcase>
<testcase name="SS-05: Data Encryption › API Communication Security › should not cache sensitive responses" classname="ss-05-encryption.spec.ts" time="0">
<skipped>
</skipped>
</testcase>
<testcase name="SS-05: Data Encryption › Password Storage Security › should use strong password hashing" classname="ss-05-encryption.spec.ts" time="0">
<skipped>
</skipped>
</testcase>
<testcase name="SS-05: Data Encryption › Password Storage Security › should not allow password reuse" classname="ss-05-encryption.spec.ts" time="0">
<skipped>
</skipped>
</testcase>
<testcase name="SS-05: Data Encryption › Sensitive Data Transmission › should not include sensitive data in URLs" classname="ss-05-encryption.spec.ts" time="0">
<skipped>
</skipped>
</testcase>
<testcase name="SS-05: Data Encryption › Sensitive Data Transmission › should use POST for sensitive operations" classname="ss-05-encryption.spec.ts" time="0">
<skipped>
</skipped>
</testcase>
<testcase name="SS-05: Data Encryption › Cryptographic Security › should use secure random number generation" classname="ss-05-encryption.spec.ts" time="0">
<skipped>
</skipped>
</testcase>
<testcase name="SS-05: Data Encryption › Comprehensive Encryption Scan › should pass comprehensive encryption vulnerability scan" classname="ss-05-encryption.spec.ts" time="0">
<skipped>
</skipped>
</testcase>
</testsuite>
<testsuite name="ss-01-sql-injection.spec.ts" timestamp="2025-07-29T11:59:10.536Z" hostname="webkit" tests="11" failures="0" skipped="11" time="0" errors="0">
<testcase name="SS-01: SQL Injection Prevention › Login Form SQL Injection › should prevent SQL injection in login forms" classname="ss-01-sql-injection.spec.ts" time="0">
<skipped>
</skipped>
</testcase>
<testcase name="SS-01: SQL Injection Prevention › Login Form SQL Injection › should prevent time-based blind SQL injection" classname="ss-01-sql-injection.spec.ts" time="0">
<skipped>
</skipped>
</testcase>
<testcase name="SS-01: SQL Injection Prevention › Search Functionality SQL Injection › should prevent SQL injection in search queries" classname="ss-01-sql-injection.spec.ts" time="0">
<skipped>
</skipped>
</testcase>
<testcase name="SS-01: SQL Injection Prevention › API Parameter SQL Injection › should prevent SQL injection in API query parameters" classname="ss-01-sql-injection.spec.ts" time="0">
<skipped>
</skipped>
</testcase>
<testcase name="SS-01: SQL Injection Prevention › API Parameter SQL Injection › should prevent SQL injection in API path parameters" classname="ss-01-sql-injection.spec.ts" time="0">
<skipped>
</skipped>
</testcase>
<testcase name="SS-01: SQL Injection Prevention › Header-based SQL Injection › should prevent SQL injection through headers" classname="ss-01-sql-injection.spec.ts" time="0">
<skipped>
</skipped>
</testcase>
<testcase name="SS-01: SQL Injection Prevention › Cookie-based SQL Injection › should prevent SQL injection through cookies" classname="ss-01-sql-injection.spec.ts" time="0">
<skipped>
</skipped>
</testcase>
<testcase name="SS-01: SQL Injection Prevention › JSON Body SQL Injection › should prevent SQL injection in JSON request bodies" classname="ss-01-sql-injection.spec.ts" time="0">
<skipped>
</skipped>
</testcase>
<testcase name="SS-01: SQL Injection Prevention › JSON Body SQL Injection › should prevent second-order SQL injection" classname="ss-01-sql-injection.spec.ts" time="0">
<skipped>
</skipped>
</testcase>
<testcase name="SS-01: SQL Injection Prevention › Vulnerability Scanning › should pass comprehensive SQL injection vulnerability scan" classname="ss-01-sql-injection.spec.ts" time="0">
<skipped>
</skipped>
</testcase>
<testcase name="SS-01: SQL Injection Prevention › Parameterized Query Validation › should use parameterized queries for all database operations" classname="ss-01-sql-injection.spec.ts" time="0">
<skipped>
</skipped>
</testcase>
</testsuite>
<testsuite name="ss-02-xss-protection.spec.ts" timestamp="2025-07-29T11:59:10.536Z" hostname="webkit" tests="12" failures="0" skipped="12" time="0" errors="0">
<testcase name="SS-02: XSS Protection › Reflected XSS Prevention › should prevent reflected XSS in search functionality" classname="ss-02-xss-protection.spec.ts" time="0">
<skipped>
</skipped>
</testcase>
<testcase name="SS-02: XSS Protection › Reflected XSS Prevention › should prevent reflected XSS in URL parameters" classname="ss-02-xss-protection.spec.ts" time="0">
<skipped>
</skipped>
</testcase>
<testcase name="SS-02: XSS Protection › Stored XSS Prevention › should prevent stored XSS in prompt content" classname="ss-02-xss-protection.spec.ts" time="0">
<skipped>
</skipped>
</testcase>
<testcase name="SS-02: XSS Protection › Stored XSS Prevention › should prevent stored XSS in user profile fields" classname="ss-02-xss-protection.spec.ts" time="0">
<skipped>
</skipped>
</testcase>
<testcase name="SS-02: XSS Protection › DOM-based XSS Prevention › should prevent DOM XSS through hash fragments" classname="ss-02-xss-protection.spec.ts" time="0">
<skipped>
</skipped>
</testcase>
<testcase name="SS-02: XSS Protection › DOM-based XSS Prevention › should prevent DOM XSS through client-side templates" classname="ss-02-xss-protection.spec.ts" time="0">
<skipped>
</skipped>
</testcase>
<testcase name="SS-02: XSS Protection › Content Security Policy › should have proper CSP headers" classname="ss-02-xss-protection.spec.ts" time="0">
<skipped>
</skipped>
</testcase>
<testcase name="SS-02: XSS Protection › Content Security Policy › should prevent inline script execution without nonce" classname="ss-02-xss-protection.spec.ts" time="0">
<skipped>
</skipped>
</testcase>
<testcase name="SS-02: XSS Protection › SVG XSS Prevention › should prevent XSS through SVG uploads" classname="ss-02-xss-protection.spec.ts" time="0">
<skipped>
</skipped>
</testcase>
<testcase name="SS-02: XSS Protection › JSON Response XSS Prevention › should prevent XSS in JSON responses" classname="ss-02-xss-protection.spec.ts" time="0">
<skipped>
</skipped>
</testcase>
<testcase name="SS-02: XSS Protection › Output Encoding Validation › should properly encode output in different contexts" classname="ss-02-xss-protection.spec.ts" time="0">
<skipped>
</skipped>
</testcase>
<testcase name="SS-02: XSS Protection › Comprehensive XSS Scan › should pass comprehensive XSS vulnerability scan" classname="ss-02-xss-protection.spec.ts" time="0">
<skipped>
</skipped>
</testcase>
</testsuite>
<testsuite name="ss-03-authentication.spec.ts" timestamp="2025-07-29T11:59:10.536Z" hostname="webkit" tests="16" failures="0" skipped="16" time="0" errors="0">
<testcase name="SS-03: Authentication Security › Password Complexity Requirements › should enforce minimum password length" classname="ss-03-authentication.spec.ts" time="0">
<skipped>
</skipped>
</testcase>
<testcase name="SS-03: Authentication Security › Password Complexity Requirements › should require mixed case, numbers, and special characters" classname="ss-03-authentication.spec.ts" time="0">
<skipped>
</skipped>
</testcase>
<testcase name="SS-03: Authentication Security › Password Complexity Requirements › should reject commonly used passwords" classname="ss-03-authentication.spec.ts" time="0">
<skipped>
</skipped>
</testcase>
<testcase name="SS-03: Authentication Security › Account Lockout Mechanism › should lock account after multiple failed login attempts" classname="ss-03-authentication.spec.ts" time="0">
<skipped>
</skipped>
</testcase>
<testcase name="SS-03: Authentication Security › Account Lockout Mechanism › should reset failed attempts on successful login" classname="ss-03-authentication.spec.ts" time="0">
<skipped>
</skipped>
</testcase>
<testcase name="SS-03: Authentication Security › Password Reset Security › should generate secure, unpredictable reset tokens" classname="ss-03-authentication.spec.ts" time="0">
<skipped>
</skipped>
</testcase>
<testcase name="SS-03: Authentication Security › Password Reset Security › should expire reset tokens after a reasonable time" classname="ss-03-authentication.spec.ts" time="0">
<skipped>
</skipped>
</testcase>
<testcase name="SS-03: Authentication Security › Password Reset Security › should invalidate tokens after single use" classname="ss-03-authentication.spec.ts" time="0">
<skipped>
</skipped>
</testcase>
<testcase name="SS-03: Authentication Security › Multi-Factor Authentication › should support MFA setup and verification" classname="ss-03-authentication.spec.ts" time="0">
<skipped>
</skipped>
</testcase>
<testcase name="SS-03: Authentication Security › Timing Attack Prevention › should have consistent response times for valid/invalid users" classname="ss-03-authentication.spec.ts" time="0">
<skipped>
</skipped>
</testcase>
<testcase name="SS-03: Authentication Security › Session Security › should invalidate sessions on password change" classname="ss-03-authentication.spec.ts" time="0">
<skipped>
</skipped>
</testcase>
<testcase name="SS-03: Authentication Security › Session Security › should prevent concurrent session hijacking" classname="ss-03-authentication.spec.ts" time="0">
<skipped>
</skipped>
</testcase>
<testcase name="SS-03: Authentication Security › Authentication Token Security › should use secure JWT configuration" classname="ss-03-authentication.spec.ts" time="0">
<skipped>
</skipped>
</testcase>
<testcase name="SS-03: Authentication Security › Authentication Token Security › should validate token signature" classname="ss-03-authentication.spec.ts" time="0">
<skipped>
</skipped>
</testcase>
<testcase name="SS-03: Authentication Security › Brute Force Protection › should rate limit login attempts" classname="ss-03-authentication.spec.ts" time="0">
<skipped>
</skipped>
</testcase>
<testcase name="SS-03: Authentication Security › Password Storage Security › should never expose password hashes" classname="ss-03-authentication.spec.ts" time="0">
<skipped>
</skipped>
</testcase>
</testsuite>
<testsuite name="ss-04-session-management.spec.ts" timestamp="2025-07-29T11:59:10.536Z" hostname="webkit" tests="15" failures="0" skipped="15" time="0" errors="0">
<testcase name="SS-04: Session Management › Session Token Randomness › should generate cryptographically secure session tokens" classname="ss-04-session-management.spec.ts" time="0">
<skipped>
</skipped>
</testcase>
<testcase name="SS-04: Session Management › Session Token Randomness › should not use predictable session identifiers" classname="ss-04-session-management.spec.ts" time="0">
<skipped>
</skipped>
</testcase>
<testcase name="SS-04: Session Management › Session Expiration › should expire sessions after inactivity" classname="ss-04-session-management.spec.ts" time="0">
<skipped>
</skipped>
</testcase>
<testcase name="SS-04: Session Management › Session Expiration › should properly handle session timeout warnings" classname="ss-04-session-management.spec.ts" time="0">
<skipped>
</skipped>
</testcase>
<testcase name="SS-04: Session Management › Logout Functionality › should properly invalidate sessions on logout" classname="ss-04-session-management.spec.ts" time="0">
<skipped>
</skipped>
</testcase>
<testcase name="SS-04: Session Management › Logout Functionality › should clear all session data on logout" classname="ss-04-session-management.spec.ts" time="0">
<skipped>
</skipped>
</testcase>
<testcase name="SS-04: Session Management › Concurrent Sessions › should handle concurrent sessions securely" classname="ss-04-session-management.spec.ts" time="0">
<skipped>
</skipped>
</testcase>
<testcase name="SS-04: Session Management › CSRF Protection › should include CSRF tokens in state-changing requests" classname="ss-04-session-management.spec.ts" time="0">
<skipped>
</skipped>
</testcase>
<testcase name="SS-04: Session Management › CSRF Protection › should reject cross-origin requests without proper CSRF token" classname="ss-04-session-management.spec.ts" time="0">
<skipped>
</skipped>
</testcase>
<testcase name="SS-04: Session Management › CSRF Protection › should validate referer header for state-changing requests" classname="ss-04-session-management.spec.ts" time="0">
<skipped>
</skipped>
</testcase>
<testcase name="SS-04: Session Management › Session Fixation Prevention › should regenerate session ID on login" classname="ss-04-session-management.spec.ts" time="0">
<skipped>
</skipped>
</testcase>
<testcase name="SS-04: Session Management › Session Fixation Prevention › should not accept externally provided session IDs" classname="ss-04-session-management.spec.ts" time="0">
<skipped>
</skipped>
</testcase>
<testcase name="SS-04: Session Management › Session Storage Security › should use secure cookie attributes" classname="ss-04-session-management.spec.ts" time="0">
<skipped>
</skipped>
</testcase>
<testcase name="SS-04: Session Management › Session Storage Security › should not store sensitive data in localStorage" classname="ss-04-session-management.spec.ts" time="0">
<skipped>
</skipped>
</testcase>
<testcase name="SS-04: Session Management › Session Hijacking Prevention › should detect and prevent session hijacking attempts" classname="ss-04-session-management.spec.ts" time="0">
<skipped>
</skipped>
</testcase>
</testsuite>
<testsuite name="ss-05-encryption.spec.ts" timestamp="2025-07-29T11:59:10.536Z" hostname="webkit" tests="16" failures="0" skipped="16" time="0" errors="0">
<testcase name="SS-05: Data Encryption › HTTPS Enforcement › should redirect HTTP to HTTPS in production" classname="ss-05-encryption.spec.ts" time="0">
<skipped>
</skipped>
</testcase>
<testcase name="SS-05: Data Encryption › HTTPS Enforcement › should include HSTS header with proper configuration" classname="ss-05-encryption.spec.ts" time="0">
<skipped>
</skipped>
</testcase>
<testcase name="SS-05: Data Encryption › TLS Configuration › should use strong TLS version" classname="ss-05-encryption.spec.ts" time="0">
<skipped>
</skipped>
</testcase>
<testcase name="SS-05: Data Encryption › TLS Configuration › should not expose server version information" classname="ss-05-encryption.spec.ts" time="0">
<skipped>
</skipped>
</testcase>
<testcase name="SS-05: Data Encryption › Secure Cookie Configuration › should set secure cookie attributes" classname="ss-05-encryption.spec.ts" time="0">
<skipped>
</skipped>
</testcase>
<testcase name="SS-05: Data Encryption › Secure Cookie Configuration › should not transmit cookies over unencrypted connections" classname="ss-05-encryption.spec.ts" time="0">
<skipped>
</skipped>
</testcase>
<testcase name="SS-05: Data Encryption › Data at Rest Encryption › should not expose sensitive data in API responses" classname="ss-05-encryption.spec.ts" time="0">
<skipped>
</skipped>
</testcase>
<testcase name="SS-05: Data Encryption › Data at Rest Encryption › should encrypt sensitive user data" classname="ss-05-encryption.spec.ts" time="0">
<skipped>
</skipped>
</testcase>
<testcase name="SS-05: Data Encryption › API Communication Security › should use secure headers for API requests" classname="ss-05-encryption.spec.ts" time="0">
<skipped>
</skipped>
</testcase>
<testcase name="SS-05: Data Encryption › API Communication Security › should not cache sensitive responses" classname="ss-05-encryption.spec.ts" time="0">
<skipped>
</skipped>
</testcase>
<testcase name="SS-05: Data Encryption › Password Storage Security › should use strong password hashing" classname="ss-05-encryption.spec.ts" time="0">
<skipped>
</skipped>
</testcase>
<testcase name="SS-05: Data Encryption › Password Storage Security › should not allow password reuse" classname="ss-05-encryption.spec.ts" time="0">
<skipped>
</skipped>
</testcase>
<testcase name="SS-05: Data Encryption › Sensitive Data Transmission › should not include sensitive data in URLs" classname="ss-05-encryption.spec.ts" time="0">
<skipped>
</skipped>
</testcase>
<testcase name="SS-05: Data Encryption › Sensitive Data Transmission › should use POST for sensitive operations" classname="ss-05-encryption.spec.ts" time="0">
<skipped>
</skipped>
</testcase>
<testcase name="SS-05: Data Encryption › Cryptographic Security › should use secure random number generation" classname="ss-05-encryption.spec.ts" time="0">
<skipped>
</skipped>
</testcase>
<testcase name="SS-05: Data Encryption › Comprehensive Encryption Scan › should pass comprehensive encryption vulnerability scan" classname="ss-05-encryption.spec.ts" time="0">
<skipped>
</skipped>
</testcase>
</testsuite>
<testsuite name="ss-05-encryption.spec.ts" timestamp="2025-07-29T11:59:10.536Z" hostname="security-headers" tests="16" failures="0" skipped="16" time="0" errors="0">
<testcase name="SS-05: Data Encryption › HTTPS Enforcement › should redirect HTTP to HTTPS in production" classname="ss-05-encryption.spec.ts" time="0">
<skipped>
</skipped>
</testcase>
<testcase name="SS-05: Data Encryption › HTTPS Enforcement › should include HSTS header with proper configuration" classname="ss-05-encryption.spec.ts" time="0">
<skipped>
</skipped>
</testcase>
<testcase name="SS-05: Data Encryption › TLS Configuration › should use strong TLS version" classname="ss-05-encryption.spec.ts" time="0">
<skipped>
</skipped>
</testcase>
<testcase name="SS-05: Data Encryption › TLS Configuration › should not expose server version information" classname="ss-05-encryption.spec.ts" time="0">
<skipped>
</skipped>
</testcase>
<testcase name="SS-05: Data Encryption › Secure Cookie Configuration › should set secure cookie attributes" classname="ss-05-encryption.spec.ts" time="0">
<skipped>
</skipped>
</testcase>
<testcase name="SS-05: Data Encryption › Secure Cookie Configuration › should not transmit cookies over unencrypted connections" classname="ss-05-encryption.spec.ts" time="0">
<skipped>
</skipped>
</testcase>
<testcase name="SS-05: Data Encryption › Data at Rest Encryption › should not expose sensitive data in API responses" classname="ss-05-encryption.spec.ts" time="0">
<skipped>
</skipped>
</testcase>
<testcase name="SS-05: Data Encryption › Data at Rest Encryption › should encrypt sensitive user data" classname="ss-05-encryption.spec.ts" time="0">
<skipped>
</skipped>
</testcase>
<testcase name="SS-05: Data Encryption › API Communication Security › should use secure headers for API requests" classname="ss-05-encryption.spec.ts" time="0">
<skipped>
</skipped>
</testcase>
<testcase name="SS-05: Data Encryption › API Communication Security › should not cache sensitive responses" classname="ss-05-encryption.spec.ts" time="0">
<skipped>
</skipped>
</testcase>
<testcase name="SS-05: Data Encryption › Password Storage Security › should use strong password hashing" classname="ss-05-encryption.spec.ts" time="0">
<skipped>
</skipped>
</testcase>
<testcase name="SS-05: Data Encryption › Password Storage Security › should not allow password reuse" classname="ss-05-encryption.spec.ts" time="0">
<skipped>
</skipped>
</testcase>
<testcase name="SS-05: Data Encryption › Sensitive Data Transmission › should not include sensitive data in URLs" classname="ss-05-encryption.spec.ts" time="0">
<skipped>
</skipped>
</testcase>
<testcase name="SS-05: Data Encryption › Sensitive Data Transmission › should use POST for sensitive operations" classname="ss-05-encryption.spec.ts" time="0">
<skipped>
</skipped>
</testcase>
<testcase name="SS-05: Data Encryption › Cryptographic Security › should use secure random number generation" classname="ss-05-encryption.spec.ts" time="0">
<skipped>
</skipped>
</testcase>
<testcase name="SS-05: Data Encryption › Comprehensive Encryption Scan › should pass comprehensive encryption vulnerability scan" classname="ss-05-encryption.spec.ts" time="0">
<skipped>
</skipped>
</testcase>
</testsuite>
<testsuite name="ss-01-sql-injection.spec.ts" timestamp="2025-07-29T11:59:10.536Z" hostname="penetration" tests="11" failures="0" skipped="11" time="0" errors="0">
<testcase name="SS-01: SQL Injection Prevention › Login Form SQL Injection › should prevent SQL injection in login forms" classname="ss-01-sql-injection.spec.ts" time="0">
<skipped>
</skipped>
</testcase>
<testcase name="SS-01: SQL Injection Prevention › Login Form SQL Injection › should prevent time-based blind SQL injection" classname="ss-01-sql-injection.spec.ts" time="0">
<skipped>
</skipped>
</testcase>
<testcase name="SS-01: SQL Injection Prevention › Search Functionality SQL Injection › should prevent SQL injection in search queries" classname="ss-01-sql-injection.spec.ts" time="0">
<skipped>
</skipped>
</testcase>
<testcase name="SS-01: SQL Injection Prevention › API Parameter SQL Injection › should prevent SQL injection in API query parameters" classname="ss-01-sql-injection.spec.ts" time="0">
<skipped>
</skipped>
</testcase>
<testcase name="SS-01: SQL Injection Prevention › API Parameter SQL Injection › should prevent SQL injection in API path parameters" classname="ss-01-sql-injection.spec.ts" time="0">
<skipped>
</skipped>
</testcase>
<testcase name="SS-01: SQL Injection Prevention › Header-based SQL Injection › should prevent SQL injection through headers" classname="ss-01-sql-injection.spec.ts" time="0">
<skipped>
</skipped>
</testcase>
<testcase name="SS-01: SQL Injection Prevention › Cookie-based SQL Injection › should prevent SQL injection through cookies" classname="ss-01-sql-injection.spec.ts" time="0">
<skipped>
</skipped>
</testcase>
<testcase name="SS-01: SQL Injection Prevention › JSON Body SQL Injection › should prevent SQL injection in JSON request bodies" classname="ss-01-sql-injection.spec.ts" time="0">
<skipped>
</skipped>
</testcase>
<testcase name="SS-01: SQL Injection Prevention › JSON Body SQL Injection › should prevent second-order SQL injection" classname="ss-01-sql-injection.spec.ts" time="0">
<skipped>
</skipped>
</testcase>
<testcase name="SS-01: SQL Injection Prevention › Vulnerability Scanning › should pass comprehensive SQL injection vulnerability scan" classname="ss-01-sql-injection.spec.ts" time="0">
<skipped>
</skipped>
</testcase>
<testcase name="SS-01: SQL Injection Prevention › Parameterized Query Validation › should use parameterized queries for all database operations" classname="ss-01-sql-injection.spec.ts" time="0">
<skipped>
</skipped>
</testcase>
</testsuite>
<testsuite name="ss-02-xss-protection.spec.ts" timestamp="2025-07-29T11:59:10.536Z" hostname="penetration" tests="12" failures="0" skipped="12" time="0" errors="0">
<testcase name="SS-02: XSS Protection › Reflected XSS Prevention › should prevent reflected XSS in search functionality" classname="ss-02-xss-protection.spec.ts" time="0">
<skipped>
</skipped>
</testcase>
<testcase name="SS-02: XSS Protection › Reflected XSS Prevention › should prevent reflected XSS in URL parameters" classname="ss-02-xss-protection.spec.ts" time="0">
<skipped>
</skipped>
</testcase>
<testcase name="SS-02: XSS Protection › Stored XSS Prevention › should prevent stored XSS in prompt content" classname="ss-02-xss-protection.spec.ts" time="0">
<skipped>
</skipped>
</testcase>
<testcase name="SS-02: XSS Protection › Stored XSS Prevention › should prevent stored XSS in user profile fields" classname="ss-02-xss-protection.spec.ts" time="0">
<skipped>
</skipped>
</testcase>
<testcase name="SS-02: XSS Protection › DOM-based XSS Prevention › should prevent DOM XSS through hash fragments" classname="ss-02-xss-protection.spec.ts" time="0">
<skipped>
</skipped>
</testcase>
<testcase name="SS-02: XSS Protection › DOM-based XSS Prevention › should prevent DOM XSS through client-side templates" classname="ss-02-xss-protection.spec.ts" time="0">
<skipped>
</skipped>
</testcase>
<testcase name="SS-02: XSS Protection › Content Security Policy › should have proper CSP headers" classname="ss-02-xss-protection.spec.ts" time="0">
<skipped>
</skipped>
</testcase>
<testcase name="SS-02: XSS Protection › Content Security Policy › should prevent inline script execution without nonce" classname="ss-02-xss-protection.spec.ts" time="0">
<skipped>
</skipped>
</testcase>
<testcase name="SS-02: XSS Protection › SVG XSS Prevention › should prevent XSS through SVG uploads" classname="ss-02-xss-protection.spec.ts" time="0">
<skipped>
</skipped>
</testcase>
<testcase name="SS-02: XSS Protection › JSON Response XSS Prevention › should prevent XSS in JSON responses" classname="ss-02-xss-protection.spec.ts" time="0">
<skipped>
</skipped>
</testcase>
<testcase name="SS-02: XSS Protection › Output Encoding Validation › should properly encode output in different contexts" classname="ss-02-xss-protection.spec.ts" time="0">
<skipped>
</skipped>
</testcase>
<testcase name="SS-02: XSS Protection › Comprehensive XSS Scan › should pass comprehensive XSS vulnerability scan" classname="ss-02-xss-protection.spec.ts" time="0">
<skipped>
</skipped>
</testcase>
</testsuite>
</testsuites>